Using pre-set license
Built from '2020.3/staging' branch; Version is '2020.3.11f1 (99c7afb366b3) revision 10078127'; Using compiler version '192528614'; Build Type 'Release'
OS: 'Windows 10 Home; OS build 19043.2251; Version 2009; 64bit' Language: 'en' Physical Memory: 16183 MB
BatchMode: 1, IsHumanControllingUs: 0, StartBugReporterOnCrash: 0, Is64bit: 1, IsPro: 0

 COMMAND LINE ARGUMENTS:
C:\Program Files\Unity\Hub\Editor\2020.3.11f1\Editor\Unity.exe
-adb2
-batchMode
-noUpm
-name
AssetImportWorker0
-projectPath
C:/Users/Julius/Documents/GitHub/Unity-IWP/IWPsurvival
-logFile
Logs/AssetImportWorker0.log
-srvPort
58712
Successfully changed project path to: C:/Users/Julius/Documents/GitHub/Unity-IWP/IWPsurvival
C:/Users/Julius/Documents/GitHub/Unity-IWP/IWPsurvival
Using Asset Import Pipeline V2.
Refreshing native plugins compatible for Editor in 48.05 ms, found 2 plugins.
Preloading 0 native plugins for Editor in 0.00 ms.
Initialize engine version: 2020.3.11f1 (99c7afb366b3)
[Subsystems] Discovering subsystems at path C:/Program Files/Unity/Hub/Editor/2020.3.11f1/Editor/Data/Resources/UnitySubsystems
[Subsystems] Discovering subsystems at path C:/Users/Julius/Documents/GitHub/Unity-IWP/IWPsurvival/Assets
GfxDevice: creating device client; threaded=0
Direct3D:
    Version:  Direct3D 11.0 [level 11.1]
    Renderer: NVIDIA GeForce RTX 2060 (ID=0x1f11)
    Vendor:   
    VRAM:     5980 MB
    Driver:   30.0.14.7168
Initialize mono
Mono path[0] = 'C:/Program Files/Unity/Hub/Editor/2020.3.11f1/Editor/Data/Managed'
Mono path[1] = 'C:/Program Files/Unity/Hub/Editor/2020.3.11f1/Editor/Data/MonoBleedingEdge/lib/mono/unityjit'
Mono config path = 'C:/Program Files/Unity/Hub/Editor/2020.3.11f1/Editor/Data/MonoBleedingEdge/etc'
Using monoOptions --debugger-agent=transport=dt_socket,embedding=1,server=y,suspend=n,address=127.0.0.1:56196
Begin MonoManager ReloadAssembly
Registering precompiled unity dll's ...
Register platform support module: C:/Program Files/Unity/Hub/Editor/2020.3.11f1/Editor/Data/PlaybackEngines/WebGLSupport/UnityEditor.WebGL.Extensions.dll
Register platform support module: C:/Program Files/Unity/Hub/Editor/2020.3.11f1/Editor/Data/PlaybackEngines/WindowsStandaloneSupport/UnityEditor.WindowsStandalone.Extensions.dll
Registered in 0.002908 seconds.
Native extension for WindowsStandalone target not found
Native extension for WebGL target not found
Refreshing native plugins compatible for Editor in 45.25 ms, found 2 plugins.
Preloading 0 native plugins for Editor in 0.00 ms.
Mono: successfully reloaded assembly
- Completed reload, in  2.414 seconds
Platform modules already initialized, skipping
Registering precompiled user dll's ...
Registered in 0.005727 seconds.
Begin MonoManager ReloadAssembly
Native extension for WindowsStandalone target not found
Native extension for WebGL target not found
Refreshing native plugins compatible for Editor in 33.37 ms, found 2 plugins.
Preloading 0 native plugins for Editor in 0.00 ms.
Mono: successfully reloaded assembly
- Completed reload, in  1.056 seconds
Platform modules already initialized, skipping
========================================================================
Worker process is ready to serve import requests
Launched and connected shader compiler UnityShaderCompiler.exe after 0.04 seconds
Refreshing native plugins compatible for Editor in 0.44 ms, found 2 plugins.
Preloading 0 native plugins for Editor in 0.00 ms.
Unloading 1861 Unused Serialized files (Serialized files now loaded: 0)
System memory in use before: 180.2 MB.
System memory in use after: 180.3 MB.

Unloading 21 unused Assets to reduce memory usage. Loaded Objects now: 2347.
Total: 1.977000 ms (FindLiveObjects: 0.162900 ms CreateObjectMapping: 0.061800 ms MarkObjects: 1.661700 ms  DeleteObjects: 0.089800 ms)

========================================================================
Received Import Request.
  path: Assets/Scenes/scene4.unity
  artifactKey: Guid(05a398902add60b498700ca5b4e555fa) Importer(815301076,1909f56bfc062723c751e8b465ee728b)
Start importing Assets/Scenes/scene4.unity using Guid(05a398902add60b498700ca5b4e555fa) Importer(815301076,1909f56bfc062723c751e8b465ee728b)  -> (artifact id: 'e37559f104b32f6d112f904995977f1b') in 0.017850 seconds
  Import took 0.024274 seconds .

========================================================================
Received Prepare
Refreshing native plugins compatible for Editor in 3.04 ms, found 2 plugins.
Preloading 0 native plugins for Editor in 0.00 ms.
Unloading 12 Unused Serialized files (Serialized files now loaded: 0)
System memory in use before: 143.4 MB.
System memory in use after: 143.5 MB.

Unloading 12 unused Assets to reduce memory usage. Loaded Objects now: 2347.
Total: 2.461900 ms (FindLiveObjects: 0.165000 ms CreateObjectMapping: 0.061200 ms MarkObjects: 2.162400 ms  DeleteObjects: 0.072600 ms)

========================================================================
Received Import Request.
  Time since last request: 64.382655 seconds.
  path: Assets/Scripts/Respawning/SceneEntered.cs
  artifactKey: Guid(725331b9bc35ed24391b36a80f6cdc04) Importer(815301076,1909f56bfc062723c751e8b465ee728b)
Start importing Assets/Scripts/Respawning/SceneEntered.cs using Guid(725331b9bc35ed24391b36a80f6cdc04) Importer(815301076,1909f56bfc062723c751e8b465ee728b)  -> (artifact id: '14396d9754520d82c64a42206da64a48') in 0.033645 seconds
  Import took 0.036366 seconds .

========================================================================
Received Import Request.
  Time since last request: 0.654756 seconds.
  path: Assets/Scripts/Respawning/Respawn.cs
  artifactKey: Guid(5ab2c1597f2f1c243a9212bd424938ef) Importer(815301076,1909f56bfc062723c751e8b465ee728b)
Start importing Assets/Scripts/Respawning/Respawn.cs using Guid(5ab2c1597f2f1c243a9212bd424938ef) Importer(815301076,1909f56bfc062723c751e8b465ee728b)  -> (artifact id: '562820317670ac8b3e005152580f7daf') in 0.006902 seconds
  Import took 0.009599 seconds .

========================================================================
Received Prepare
Registering precompiled user dll's ...
Registered in 0.004841 seconds.
Begin MonoManager ReloadAssembly
Native extension for WindowsStandalone target not found
Native extension for WebGL target not found
Refreshing native plugins compatible for Editor in 0.38 ms, found 2 plugins.
Preloading 0 native plugins for Editor in 0.00 ms.
Mono: successfully reloaded assembly
- Completed reload, in  0.953 seconds
Platform modules already initialized, skipping
Refreshing native plugins compatible for Editor in 0.41 ms, found 2 plugins.
Preloading 0 native plugins for Editor in 0.00 ms.
Unloading 1854 Unused Serialized files (Serialized files now loaded: 0)
System memory in use before: 180.2 MB.
System memory in use after: 180.3 MB.

Unloading 15 unused Assets to reduce memory usage. Loaded Objects now: 2350.
Total: 2.324800 ms (FindLiveObjects: 0.166500 ms CreateObjectMapping: 0.059300 ms MarkObjects: 2.012800 ms  DeleteObjects: 0.085300 ms)

========================================================================
Received Prepare
Registering precompiled user dll's ...
Registered in 0.004373 seconds.
Begin MonoManager ReloadAssembly
Native extension for WindowsStandalone target not found
Native extension for WebGL target not found
Refreshing native plugins compatible for Editor in 0.37 ms, found 2 plugins.
Preloading 0 native plugins for Editor in 0.00 ms.
Mono: successfully reloaded assembly
- Completed reload, in  0.969 seconds
Platform modules already initialized, skipping
Refreshing native plugins compatible for Editor in 0.38 ms, found 2 plugins.
Preloading 0 native plugins for Editor in 0.00 ms.
Unloading 1854 Unused Serialized files (Serialized files now loaded: 0)
System memory in use before: 180.3 MB.
System memory in use after: 180.4 MB.

Unloading 15 unused Assets to reduce memory usage. Loaded Objects now: 2353.
Total: 2.088100 ms (FindLiveObjects: 0.145800 ms CreateObjectMapping: 0.050800 ms MarkObjects: 1.812000 ms  DeleteObjects: 0.078600 ms)

========================================================================
Received Import Request.
  Time since last request: 284.128695 seconds.
  path: Assets/Scripts/Respawning/SceneEntered.cs
  artifactKey: Guid(725331b9bc35ed24391b36a80f6cdc04) Importer(815301076,1909f56bfc062723c751e8b465ee728b)
Start importing Assets/Scripts/Respawning/SceneEntered.cs using Guid(725331b9bc35ed24391b36a80f6cdc04) Importer(815301076,1909f56bfc062723c751e8b465ee728b)  -> (artifact id: '5011367883e5cf686e3488c3ecc61ed3') in 0.010082 seconds
  Import took 0.012580 seconds .

========================================================================
Received Prepare
Registering precompiled user dll's ...
Registered in 0.005238 seconds.
Begin MonoManager ReloadAssembly
Native extension for WindowsStandalone target not found
Native extension for WebGL target not found
Refreshing native plugins compatible for Editor in 0.37 ms, found 2 plugins.
Preloading 0 native plugins for Editor in 0.00 ms.
Mono: successfully reloaded assembly
- Completed reload, in  1.178 seconds
Platform modules already initialized, skipping
Refreshing native plugins compatible for Editor in 0.68 ms, found 2 plugins.
Preloading 0 native plugins for Editor in 0.00 ms.
Unloading 1854 Unused Serialized files (Serialized files now loaded: 0)
System memory in use before: 180.3 MB.
System memory in use after: 180.4 MB.

Unloading 15 unused Assets to reduce memory usage. Loaded Objects now: 2356.
Total: 3.184900 ms (FindLiveObjects: 0.401700 ms CreateObjectMapping: 0.202400 ms MarkObjects: 2.491300 ms  DeleteObjects: 0.087400 ms)

AssetImportWorkerClient::OnTransportError - code=2 error=End of file
